2025-04-27 07:35:00 | DEBUG | repo=a4m36jee-2014 | action=commit
2025-02-25 16:22:00 | DEBUG | repo=a4m36jee-2014 | action=commit
2025-04-23 18:17:00 | WARN | repo=a4m36jee-2014 | action=commit
2025-01-21 16:07:00 | WARN | repo=a4m36jee-2014 | action=edit | files=2
2025-05-28 17:09:00 | INFO | repo=a4m36jee-2014 | action=commit
2025-03-11 20:43:00 | INFO | repo=a4m36jee-2014 | action=commit
2025-11-26 18:44:00 | WARN | repo=a4m36jee-2014 | action=commit
2025-05-12 10:39:00 | INFO | repo=a4m36jee-2014 | action=commit
2025-03-06 08:34:00 | INFO | repo=a4m36jee-2014 | action=commit
2025-07-04 21:44:00 | DEBUG | repo=a4m36jee-2014 | action=commit
2025-12-05 19:08:00 | INFO | repo=a4m36jee-2014 | action=commit
2025-02-11 12:58:00 | DEBUG | repo=a4m36jee-2014 | action=commit
2025-12-01 14:21:00 | WARN | repo=a4m36jee-2014 | action=commit
2025-03-12 11:56:00 | INFO | repo=a4m36jee-2014 | action=edit | files=5
2025-02-01 09:38:00 | WARN | repo=a4m36jee-2014 | action=commit
2025-09-10 07:29:00 | INFO | repo=a4m36jee-2014 | action=commit
2025-09-12 08:52:00 | DEBUG | repo=a4m36jee-2014 | action=commit
2025-01-06 07:04:00 | WARN | repo=a4m36jee-2014 | action=commit
2025-08-20 18:42:00 | DEBUG | repo=a4m36jee-2014 | action=commit
2025-07-19 13:52:00 | WARN | repo=a4m36jee-2014 | action=commit
2025-08-15 17:43:00 | DEBUG | repo=a4m36jee-2014 | action=commit
2025-08-05 17:44:00 | INFO | repo=a4m36jee-2014 | action=test | passed=true
2025-06-02 08:50:00 | DEBUG | repo=a4m36jee-2014 | action=edit | files=1
2025-04-24 08:00:00 | WARN | repo=a4m36jee-2014 | action=commit
2025-08-13 08:13:00 | DEBUG | repo=a4m36jee-2014 | action=commit
2025-07-27 21:56:00 | WARN | repo=a4m36jee-2014 | action=commit
2025-06-20 17:54:00 | WARN | repo=a4m36jee-2014 | action=commit
2025-09-02 18:55:00 | INFO | repo=a4m36jee-2014 | action=commit
2025-10-22 20:33:00 | INFO | repo=a4m36jee-2014 | action=commit
2025-03-16 17:07:00 | WARN | repo=a4m36jee-2014 | action=commit
2025-05-06 14:59:00 | INFO | repo=a4m36jee-2014 | action=commit
2025-11-24 11:07:00 | INFO | repo=a4m36jee-2014 | action=edit | files=2
2025-09-23 08:10:00 | INFO | repo=a4m36jee-2014 | action=commit
2025-04-04 07:38:00 | DEBUG | repo=a4m36jee-2014 | action=commit
2025-10-28 14:25:00 | DEBUG | repo=a4m36jee-2014 | action=commit
2025-04-19 18:20:00 | INFO | repo=a4m36jee-2014 | action=commit
2025-11-20 19:09:00 | WARN | repo=a4m36jee-2014 | action=commit
2025-06-13 08:44:00 | DEBUG | repo=a4m36jee-2014 | action=commit
2025-01-08 15:05:00 | INFO | repo=a4m36jee-2014 | action=commit
2025-03-10 19:48:00 | DEBUG | repo=a4m36jee-2014 | action=commit
2025-05-27 18:03:00 | WARN | repo=a4m36jee-2014 | action=commit
2025-11-14 09:47:00 | DEBUG | repo=a4m36jee-2014 | action=commit
2025-12-01 17:03:00 | INFO | repo=a4m36jee-2014 | action=commit
2025-09-06 15:21:00 | DEBUG | repo=a4m36jee-2014 | action=test | passed=true
2025-10-18 19:53:00 | WARN | repo=a4m36jee-2014 | action=commit
2025-11-04 08:39:00 | WARN | repo=a4m36jee-2014 | action=commit
2025-03-04 19:09:00 | DEBUG | repo=a4m36jee-2014 | action=edit | files=4
2025-02-19 07:19:00 | WARN | repo=a4m36jee-2014 | action=commit
2025-08-02 18:49:00 | WARN | repo=a4m36jee-2014 | action=commit
2025-07-21 11:19:00 | WARN | repo=a4m36jee-2014 | action=commit
2025-11-12 20:06:00 | INFO | repo=a4m36jee-2014 | action=commit
2025-03-23 07:25:00 | INFO | repo=a4m36jee-2014 | action=commit
2025-05-27 17:34:00 | WARN | repo=a4m36jee-2014 | action=commit
2025-02-17 07:18:00 | DEBUG | repo=a4m36jee-2014 | action=commit
2025-07-04 12:13:00 | WARN | repo=a4m36jee-2014 | action=commit
2025-03-10 15:36:00 | WARN | repo=a4m36jee-2014 | action=pull
2025-03-26 21:18:00 | WARN | repo=a4m36jee-2014 | action=test | passed=true
2025-12-02 18:26:00 | DEBUG | repo=a4m36jee-2014 | action=edit | files=3
2025-01-08 16:29:00 | DEBUG | repo=a4m36jee-2014 | action=commit
2025-12-15 19:45:00 | INFO | repo=a4m36jee-2014 | action=commit
2025-10-02 19:21:00 | DEBUG | repo=a4m36jee-2014 | action=test | passed=true
2025-02-23 07:07:00 | INFO | repo=a4m36jee-2014 | action=edit | files=4
2025-11-25 09:22:00 | INFO | repo=a4m36jee-2014 | action=commit
2025-03-09 18:14:00 | DEBUG | repo=a4m36jee-2014 | action=commit
2025-02-23 10:18:00 | DEBUG | repo=a4m36jee-2014 | action=commit
2025-11-16 20:44:00 | INFO | repo=a4m36jee-2014 | action=commit
2025-02-02 16:50:00 | WARN | repo=a4m36jee-2014 | action=edit | files=3
2025-08-28 20:06:00 | DEBUG | repo=a4m36jee-2014 | action=commit
2025-11-12 20:29:00 | DEBUG | repo=a4m36jee-2014 | action=commit
2025-10-02 07:12:00 | DEBUG | repo=a4m36jee-2014 | action=commit
2025-10-04 15:31:00 | WARN | repo=a4m36jee-2014 | action=pull
2025-06-07 17:55:00 | DEBUG | repo=a4m36jee-2014 | action=commit
2025-07-28 12:49:00 | WARN | repo=a4m36jee-2014 | action=pull
2025-12-24 17:15:00 | WARN | repo=a4m36jee-2014 | action=commit
2025-05-10 18:49:00 | WARN | repo=a4m36jee-2014 | action=commit
2025-09-07 10:39:00 | INFO | repo=a4m36jee-2014 | action=commit
2025-04-07 10:00:00 | WARN | repo=a4m36jee-2014 | action=test | passed=true
2025-08-17 19:32:00 | DEBUG | repo=a4m36jee-2014 | action=commit
2025-06-24 07:50:00 | DEBUG | repo=a4m36jee-2014 | action=commit
2025-02-28 11:54:00 | INFO | repo=a4m36jee-2014 | action=pull
2025-05-11 17:11:00 | DEBUG | repo=a4m36jee-2014 | action=commit
2025-01-25 11:28:00 | DEBUG | repo=a4m36jee-2014 | action=commit
2025-05-22 20:00:00 | WARN | repo=a4m36jee-2014 | action=commit
2025-05-12 09:48:00 | DEBUG | repo=a4m36jee-2014 | action=commit
2025-10-25 21:51:00 | WARN | repo=a4m36jee-2014 | action=pull
2025-08-02 09:33:00 | INFO | repo=a4m36jee-2014 | action=commit
2025-04-18 21:38:00 | INFO | repo=a4m36jee-2014 | action=commit
2025-04-03 21:58:00 | DEBUG | repo=a4m36jee-2014 | action=commit
2025-01-22 11:09:00 | INFO | repo=a4m36jee-2014 | action=commit
2025-04-18 14:07:00 | WARN | repo=a4m36jee-2014 | action=commit
2025-03-06 18:23:00 | DEBUG | repo=a4m36jee-2014 | action=commit
2025-10-23 20:38:00 | INFO | repo=a4m36jee-2014 | action=commit
2025-02-02 12:57:00 | INFO | repo=a4m36jee-2014 | action=commit
2025-11-10 19:24:00 | WARN | repo=a4m36jee-2014 | action=edit | files=4
2025-03-20 13:26:00 | WARN | repo=a4m36jee-2014 | action=test | passed=true
2025-10-24 20:34:00 | DEBUG | repo=a4m36jee-2014 | action=commit
2025-12-13 11:43:00 | INFO | repo=a4m36jee-2014 | action=commit
2025-05-11 08:23:00 | WARN | repo=a4m36jee-2014 | action=commit
2025-01-21 15:05:00 | WARN | repo=a4m36jee-2014 | action=commit
2025-06-09 19:38:00 | DEBUG | repo=a4m36jee-2014 | action=commit
